# JRE version: Java(TM) SE Runtime Environment (8.0_261-b12) (build 1.8.0_261-b12)
# Java VM: Java HotSpot(TM) 64-Bit Server VM (25.261-b12 mixed mode windows-amd64 compressed oops)
Heap:
 PSYoungGen      total 249344K, used 48375K [0x0000000780800000, 0x0000000792f80000, 0x00000007c0000000)
  eden space 239104K, 20% used [0x0000000780800000,0x000000078373dde8,0x000000078f180000)
  from space 10240K, 0% used [0x0000000792580000,0x0000000792580000,0x0000000792f80000)
  to   space 12800K, 0% used [0x0000000791680000,0x0000000791680000,0x0000000792300000)
 ParOldGen       total 71168K, used 36071K [0x0000000701800000, 0x0000000705d80000, 0x0000000780800000)
  object space 71168K, 50% used [0x0000000701800000,0x0000000703b39e38,0x0000000705d80000)
 Metaspace       used 57463K, capacity 61202K, committed 61528K, reserved 1101824K
  class space    used 7798K, capacity 8504K, committed 8576K, reserved 1048576K
GC Heap History (10 events):
Event: 6.486 GC heap before
{Heap before GC invocations=9 (full 2):
 PSYoungGen      total 176640K, used 10233K [0x0000000780800000, 0x0000000793280000, 0x00000007c0000000)
  eden space 166400K, 0% used [0x0000000780800000,0x0000000780800000,0x000000078aa80000)
  from space 10240K, 99% used [0x000000078aa80000,0x000000078b47e4a8,0x000000078b480000)
  to   space 13312K, 0% used [0x0000000792580000,0x0000000792580000,0x0000000793280000)
 ParOldGen       total 71168K, used 15559K [0x0000000701800000, 0x0000000705d80000, 0x0000000780800000)
  object space 71168K, 21% used [0x0000000701800000,0x0000000702731d70,0x0000000705d80000)
 Metaspace       used 33295K, capacity 35322K, committed 35416K, reserved 1079296K
  class space    used 4571K, capacity 4955K, committed 4992K, reserved 1048576K
Event: 6.575 GC heap after
Heap after GC invocations=9 (full 2):
 PSYoungGen      total 176640K, used 0K [0x0000000780800000, 0x0000000793280000, 0x00000007c0000000)
  eden space 166400K, 0% used [0x0000000780800000,0x0000000780800000,0x000000078aa80000)
  from space 10240K, 0% used [0x000000078aa80000,0x000000078aa80000,0x000000078b480000)
  to   space 13312K, 0% used [0x0000000792580000,0x0000000792580000,0x0000000793280000)
 ParOldGen       total 71168K, used 21030K [0x0000000701800000, 0x0000000705d80000, 0x0000000780800000)
  object space 71168K, 29% used [0x0000000701800000,0x0000000702c899c0,0x0000000705d80000)
 Metaspace       used 33295K, capacity 35322K, committed 35416K, reserved 1079296K
  class space    used 4571K, capacity 4955K, committed 4992K, reserved 1048576K
}
Event: 7.403 GC heap before
{Heap before GC invocations=10 (full 2):
 PSYoungGen      total 176640K, used 166400K [0x0000000780800000, 0x0000000793280000, 0x00000007c0000000)
  eden space 166400K, 100% used [0x0000000780800000,0x000000078aa80000,0x000000078aa80000)
  from space 10240K, 0% used [0x000000078aa80000,0x000000078aa80000,0x000000078b480000)
  to   space 13312K, 0% used [0x0000000792580000,0x0000000792580000,0x0000000793280000)
 ParOldGen       total 71168K, used 21030K [0x0000000701800000, 0x0000000705d80000, 0x0000000780800000)
  object space 71168K, 29% used [0x0000000701800000,0x0000000702c899c0,0x0000000705d80000)
 Metaspace       used 39946K, capacity 42184K, committed 42456K, reserved 1085440K
  class space    used 5400K, capacity 5848K, committed 5888K, reserved 1048576K
Event: 7.411 GC heap after
Heap after GC invocations=10 (full 2):
 PSYoungGen      total 249344K, used 9813K [0x0000000780800000, 0x0000000792f80000, 0x00000007c0000000)
  eden space 239104K, 0% used [0x0000000780800000,0x0000000780800000,0x000000078f180000)
  from space 10240K, 95% used [0x0000000792580000,0x0000000792f15560,0x0000000792f80000)
  to   space 12800K, 0% used [0x0000000791680000,0x0000000791680000,0x0000000792300000)
 ParOldGen       total 71168K, used 21102K [0x0000000701800000, 0x0000000705d80000, 0x0000000780800000)
  object space 71168K, 29% used [0x0000000701800000,0x0000000702c9b9d0,0x0000000705d80000)
 Metaspace       used 39946K, capacity 42184K, committed 42456K, reserved 1085440K
  class space    used 5400K, capacity 5848K, committed 5888K, reserved 1048576K
}
Event: 9.468 GC heap before
{Heap before GC invocations=11 (full 2):
 PSYoungGen      total 249344K, used 248917K [0x0000000780800000, 0x0000000792f80000, 0x00000007c0000000)
  eden space 239104K, 100% used [0x0000000780800000,0x000000078f180000,0x000000078f180000)
  from space 10240K, 95% used [0x0000000792580000,0x0000000792f15560,0x0000000792f80000)
  to   space 12800K, 0% used [0x0000000791680000,0x0000000791680000,0x0000000792300000)
 ParOldGen       total 71168K, used 21102K [0x0000000701800000, 0x0000000705d80000, 0x0000000780800000)
  object space 71168K, 29% used [0x0000000701800000,0x0000000702c9b9d0,0x0000000705d80000)
 Metaspace       used 49728K, capacity 52860K, committed 52952K, reserved 1095680K
  class space    used 6771K, capacity 7397K, committed 7424K, reserved 1048576K
Event: 9.489 GC heap after
Heap after GC invocations=11 (full 2):
 PSYoungGen      total 251904K, used 12768K [0x0000000780800000, 0x0000000792f80000, 0x00000007c0000000)
  eden space 239104K, 0% used [0x0000000780800000,0x0000000780800000,0x000000078f180000)
  from space 12800K, 99% used [0x0000000791680000,0x00000007922f8168,0x0000000792300000)
  to   space 10240K, 0% used [0x0000000792580000,0x0000000792580000,0x0000000792f80000)
 ParOldGen       total 71168K, used 30981K [0x0000000701800000, 0x0000000705d80000, 0x0000000780800000)
  object space 71168K, 43% used [0x0000000701800000,0x00000007036416b8,0x0000000705d80000)
 Metaspace       used 49728K, capacity 52860K, committed 52952K, reserved 1095680K
  class space    used 6771K, capacity 7397K, committed 7424K, reserved 1048576K
}
Event: 12.935 GC heap before
{Heap before GC invocations=12 (full 2):
 PSYoungGen      total 251904K, used 120586K [0x0000000780800000, 0x0000000792f80000, 0x00000007c0000000)
  eden space 239104K, 45% used [0x0000000780800000,0x000000078714a970,0x000000078f180000)
  from space 12800K, 99% used [0x0000000791680000,0x00000007922f8168,0x0000000792300000)
  to   space 10240K, 0% used [0x0000000792580000,0x0000000792580000,0x0000000792f80000)
 ParOldGen       total 71168K, used 30981K [0x0000000701800000, 0x0000000705d80000, 0x0000000780800000)
  object space 71168K, 43% used [0x0000000701800000,0x00000007036416b8,0x0000000705d80000)
 Metaspace       used 55302K, capacity 58844K, committed 58968K, reserved 1099776K
  class space    used 7530K, capacity 8217K, committed 8320K, reserved 1048576K
Event: 12.948 GC heap after
Heap after GC invocations=12 (full 2):
 PSYoungGen      total 249344K, used 10220K [0x0000000780800000, 0x0000000792f80000, 0x00000007c0000000)
  eden space 239104K, 0% used [0x0000000780800000,0x0000000780800000,0x000000078f180000)
  from space 10240K, 99% used [0x0000000792580000,0x0000000792f7b380,0x0000000792f80000)
  to   space 12800K, 0% used [0x0000000791680000,0x0000000791680000,0x0000000792300000)
 ParOldGen       total 71168K, used 40483K [0x0000000701800000, 0x0000000705d80000, 0x0000000780800000)
  object space 71168K, 56% used [0x0000000701800000,0x0000000703f88fe0,0x0000000705d80000)
 Metaspace       used 55302K, capacity 58844K, committed 58968K, reserved 1099776K
  class space    used 7530K, capacity 8217K, committed 8320K, reserved 1048576K
}
Event: 12.948 GC heap before
{Heap before GC invocations=13 (full 3):
 PSYoungGen      total 249344K, used 10220K [0x0000000780800000, 0x0000000792f80000, 0x00000007c0000000)
  eden space 239104K, 0% used [0x0000000780800000,0x0000000780800000,0x000000078f180000)
  from space 10240K, 99% used [0x0000000792580000,0x0000000792f7b380,0x0000000792f80000)
  to   space 12800K, 0% used [0x0000000791680000,0x0000000791680000,0x0000000792300000)
 ParOldGen       total 71168K, used 40483K [0x0000000701800000, 0x0000000705d80000, 0x0000000780800000)
  object space 71168K, 56% used [0x0000000701800000,0x0000000703f88fe0,0x0000000705d80000)
 Metaspace       used 55302K, capacity 58844K, committed 58968K, reserved 1099776K
  class space    used 7530K, capacity 8217K, committed 8320K, reserved 1048576K
Event: 13.082 GC heap after
Heap after GC invocations=13 (full 3):
 PSYoungGen      total 249344K, used 0K [0x0000000780800000, 0x0000000792f80000, 0x00000007c0000000)
  eden space 239104K, 0% used [0x0000000780800000,0x0000000780800000,0x000000078f180000)
  from space 10240K, 0% used [0x0000000792580000,0x0000000792580000,0x0000000792f80000)
  to   space 12800K, 0% used [0x0000000791680000,0x0000000791680000,0x0000000792300000)
 ParOldGen       total 71168K, used 36071K [0x0000000701800000, 0x0000000705d80000, 0x0000000780800000)
  object space 71168K, 50% used [0x0000000701800000,0x0000000703b39e38,0x0000000705d80000)
 Metaspace       used 55302K, capacity 58844K, committed 58968K, reserved 1099776K
  class space    used 7530K, capacity 8217K, committed 8320K, reserved 1048576K
}

